<?xml version="1.0" encoding="UTF-8"?>
<!-- Generated by org.testng.reporters.JUnitReportReporter -->
<testsuite hostname="DESKTOP-5MGC367" failures="0" tests="1" name="test.Day2" time="0.016" errors="0" timestamp="2022-05-30T11:33:20 IST" skipped="0">
  <testcase classname="test.Day2" name="Demo" time="0.016"/>
  <system-out/>
</testsuite> <!-- test.Day2 -->
