<?xml version="1.0" encoding="UTF-8"?>
<!-- Generated by org.testng.reporters.JUnitReportReporter -->
<testsuite hostname="DESKTOP-5MGC367" failures="0" tests="2" name="test.Day1" time="0.014" errors="0" timestamp="2022-05-30T11:11:51 IST" skipped="0">
  <testcase classname="test.Day1" name="demo" time="0.003"/>
  <system-out/>
  <testcase classname="test.Day1" name="SecondTest" time="0.011"/>
  <system-out/>
</testsuite> <!-- test.Day1 -->
