<?xml version="1.0" encoding="UTF-8"?>
<!-- Generated by org.testng.reporters.JUnitReportReporter -->
<testsuite hostname="DESKTOP-5MGC367" failures="0" tests="1" name="test.Day3" time="0.002" errors="0" timestamp="2022-05-30T11:33:20 IST" skipped="0">
  <testcase classname="test.Day3" name="MobileLoginCarLoan" time="0.002"/>
  <system-out/>
</testsuite> <!-- test.Day3 -->
