<?xml version="1.0" encoding="UTF-8"?>
<!-- Generated by org.testng.reporters.JUnitReportReporter -->
<testsuite hostname="DESKTOP-5MGC367" failures="0" tests="1" name="test.Day4" time="0.005" errors="0" timestamp="2022-05-30T11:33:20 IST" skipped="0">
  <testcase classname="test.Day4" name="LoginAPIHomeLoan" time="0.005"/>
  <system-out/>
</testsuite> <!-- test.Day4 -->
