<?xml version="1.0" encoding="UTF-8"?>
<!-- Generated by org.testng.reporters.JUnitReportReporter -->
<testsuite hostname="DESKTOP-5MGC367" failures="0" tests="1" name="ExtentReportDemo" time="15.217" errors="0" timestamp="2022-06-11T21:43:57 IST" skipped="0">
  <testcase classname="ExtentReportDemo" name="demo" time="15.217"/>
  <system-out/>
</testsuite> <!-- ExtentReportDemo -->
