<?xml version="1.0" encoding="UTF-8"?>
<!-- Generated by org.testng.reporters.JUnitReportReporter -->
<testsuite hostname="DESKTOP-5MGC367" failures="0" tests="1" name="ExtentReportDemo" time="10.662" errors="0" timestamp="2022-05-31T06:58:33 IST" skipped="0">
  <testcase classname="ExtentReportDemo" name="demo" time="10.662"/>
  <system-out/>
</testsuite> <!-- ExtentReportDemo -->
