<?xml version="1.0" encoding="UTF-8"?>
<!-- Generated by org.testng.reporters.JUnitReportReporter -->
<testsuite hostname="DESKTOP-5MGC367" failures="0" tests="2" name="test.TestNg1" time="0.014" errors="0" timestamp="2022-04-29T15:50:55 IST" skipped="0">
  <testcase classname="test.TestNg1" name="Demo" time="0.010"/>
  <system-out/>
  <testcase classname="test.TestNg1" name="SecondTest" time="0.004"/>
  <system-out/>
</testsuite> <!-- test.TestNg1 -->
