<?xml version="1.0" encoding="UTF-8"?>
<!-- Generated by org.testng.reporters.JUnitReportReporter -->
<testsuite hostname="DESKTOP-5MGC367" failures="0" tests="5" name="test.TestNg2" time="0.041" errors="0" timestamp="2022-04-29T15:50:55 IST" skipped="1">
  <testcase classname="test.TestNg2" name="sayHi" time="0.007"/>
  <system-out/>
  <testcase classname="test.TestNg2" name="sayBye" time="0.003"/>
  <system-out/>
  <testcase classname="test.TestNg2" name="setSomeTime" time="0.027"/>
  <system-out/>
  <testcase classname="test.TestNg2" name="sayHello" time="0.004"/>
  <system-out/>
  <testcase classname="test.TestNg2" name="enableDemo">
    <skipped/>
  </testcase> <!-- enableDemo -->
  <system-out/>
</testsuite> <!-- test.TestNg2 -->
