<?xml version="1.0" encoding="UTF-8"?>
<!-- Generated by org.testng.reporters.JUnitReportReporter -->
<testsuite hostname="DESKTOP-5MGC367" failures="0" tests="5" name="test.TestNg3" time="0.042" errors="0" timestamp="2022-04-29T15:50:55 IST" skipped="0">
  <testcase classname="test.TestNg3" name="MobileProcess" time="0.005"/>
  <system-out/>
  <testcase classname="test.TestNg3" name="MobileLogin" time="0.012"/>
  <system-out/>
  <testcase classname="test.TestNg3" name="MobileProcess" time="0.004"/>
  <system-out/>
  <testcase classname="test.TestNg3" name="MobileSignOut" time="0.011"/>
  <system-out/>
  <testcase classname="test.TestNg3" name="MobileProcess" time="0.010"/>
  <system-out/>
</testsuite> <!-- test.TestNg3 -->
