<?xml version="1.0" encoding="UTF-8"?>
<!-- Generated by org.testng.reporters.JUnitReportReporter -->
<testsuite hostname="DESKTOP-5MGC367" failures="0" tests="2" name="academy.HomePage" time="43.105" errors="0" timestamp="2022-06-01T08:15:40 IST" skipped="0">
  <testcase classname="academy.HomePage" name="basePageNavigation" time="19.583"/>
  <system-out/>
  <testcase classname="academy.HomePage" name="basePageNavigation" time="23.522"/>
  <system-out/>
</testsuite> <!-- academy.HomePage -->
