<?xml version="1.0" encoding="UTF-8"?>
<!-- Generated by org.testng.reporters.JUnitReportReporter -->
<testsuite hostname="DESKTOP-5MGC367" failures="0" tests="1" name="academy.ValidateNavigationBar" time="17.280" errors="0" timestamp="2022-06-01T08:21:55 IST" skipped="0">
  <testcase classname="academy.ValidateNavigationBar" name="basePageNavigation" time="17.280"/>
  <system-out/>
</testsuite> <!-- academy.ValidateNavigationBar -->
