<?xml version="1.0" encoding="UTF-8"?>
<!-- Generated by org.testng.reporters.JUnitReportReporter -->
<testsuite hostname="DESKTOP-5MGC367" failures="0" tests="1" name="academy.ValidateTitle" time="16.130" errors="0" timestamp="2022-06-01T08:15:40 IST" skipped="0">
  <testcase classname="academy.ValidateTitle" name="basePageNavigation" time="16.130"/>
  <system-out/>
</testsuite> <!-- academy.ValidateTitle -->
