<?xml version="1.0" encoding="UTF-8"?>
<!-- Generated by org.testng.reporters.JUnitReportReporter -->
<testsuite hostname="DESKTOP-5MGC367" failures="0" tests="1" name="MavenDemo.ExtentReports.ExtentReportDemo" time="7.163" errors="0" timestamp="2022-04-30T14:59:05 IST" skipped="0">
  <testcase classname="MavenDemo.ExtentReports.ExtentReportDemo" name="initialDemo" time="7.163"/>
  <system-out/>
</testsuite> <!-- MavenDemo.ExtentReports.ExtentReportDemo -->
