<?xml version="1.0" encoding="UTF-8"?>
<!-- Generated by org.testng.reporters.JUnitReportReporter -->
<testsuite hostname="DESKTOP-5MGC367" failures="0" tests="1" name="Framework.E2EProject.ValidateTitle" time="22.392" errors="0" timestamp="2022-05-02T12:09:18 IST" skipped="0">
  <testcase classname="Framework.E2EProject.ValidateTitle" name="basePageNavigation" time="22.392"/>
  <system-out/>
</testsuite> <!-- Framework.E2EProject.ValidateTitle -->
